SF:lib\main.dart
DA:6,0
DA:7,0
DA:11,1
DA:13,0
DA:15,0
DA:17,0
DA:19,0
DA:23,0
DA:24,0
DA:25,0
DA:26,0
LF:11
LH:1
end_of_record
SF:lib\screens\add_expense_page.dart
DA:6,1
DA:8,0
DA:9,0
DA:25,0
DA:26,0
DA:27,0
DA:28,0
DA:29,0
DA:30,0
DA:32,0
DA:37,0
DA:38,0
DA:40,0
DA:41,0
DA:42,0
DA:45,0
DA:46,0
DA:47,0
DA:51,0
DA:56,0
DA:57,0
DA:59,0
DA:60,0
DA:62,0
DA:63,0
DA:68,0
DA:69,0
DA:72,0
DA:73,0
DA:74,0
DA:75,0
DA:79,0
DA:80,0
DA:81,0
DA:83,0
DA:85,0
DA:95,0
DA:97,0
DA:98,0
DA:99,0
DA:101,0
DA:103,0
DA:105,0
DA:109,0
DA:110,0
DA:111,0
DA:113,0
DA:116,0
DA:117,0
DA:119,0
DA:121,0
DA:132,0
DA:133,0
DA:134,0
DA:135,0
DA:137,0
DA:139,0
DA:140,0
DA:141,0
DA:146,0
DA:148,0
DA:150,0
DA:152,0
DA:157,0
DA:158,0
DA:159,0
DA:160,0
DA:162,0
DA:164,0
DA:165,0
DA:166,0
DA:171,0
DA:173,0
DA:175,0
DA:177,0
DA:185,0
DA:186,0
DA:187,0
DA:188,0
DA:190,0
DA:194,0
DA:195,0
DA:197,0
DA:198,0
LF:84
LH:1
end_of_record
SF:lib\screens\home_page.dart
DA:5,1
DA:7,0
DA:9,0
DA:10,0
DA:11,0
DA:12,0
DA:13,0
DA:19,0
DA:21,0
DA:51,0
DA:52,0
DA:64,0
DA:66,0
DA:67,0
DA:70,0
DA:71,0
DA:73,0
DA:89,1
DA:100,0
DA:102,0
DA:106,0
DA:107,0
DA:108,0
DA:109,0
DA:110,0
DA:111,0
DA:112,0
DA:113,0
DA:114,0
DA:125,0
DA:136,0
DA:138,0
DA:139,0
DA:140,0
DA:141,0
DA:142,0
DA:143,0
DA:145,0
LF:38
LH:2
end_of_record
SF:lib\screens\login_page.dart
DA:4,1
DA:6,0
DA:7,0
DA:17,0
DA:18,0
DA:19,0
DA:23,0
DA:25,0
DA:26,0
DA:27,0
DA:29,0
DA:30,0
DA:33,0
DA:36,0
DA:37,0
DA:39,0
DA:42,0
DA:49,0
DA:50,0
DA:51,0
DA:53,0
DA:55,0
DA:56,0
DA:57,0
DA:62,0
DA:63,0
DA:68,0
DA:69,0
DA:70,0
DA:72,0
DA:74,0
DA:75,0
DA:76,0
DA:81,0
DA:82,0
DA:87,0
DA:88,0
DA:89,0
DA:91,0
DA:95,0
DA:96,0
DA:98,0
DA:99,0
DA:105,0
DA:106,0
DA:108,0
LF:46
LH:1
end_of_record
SF:lib\screens\signup_page.dart
DA:6,1
DA:8,0
DA:9,0
DA:19,0
DA:20,0
DA:21,0
DA:25,0
DA:27,0
DA:28,0
DA:30,0
DA:31,0
DA:33,0
DA:36,0
DA:37,0
DA:39,0
DA:42,0
DA:54,0
DA:55,0
DA:56,0
DA:58,0
DA:60,0
DA:61,0
DA:66,0
DA:67,0
DA:69,0
DA:71,0
DA:82,0
DA:83,0
DA:84,0
DA:86,0
DA:88,0
DA:89,0
DA:94,0
DA:95,0
DA:97,0
DA:99,0
DA:110,0
DA:111,0
DA:112,0
DA:114,0
DA:116,0
DA:117,0
DA:123,0
DA:124,0
DA:126,0
DA:128,0
DA:134,0
DA:136,0
DA:138,0
DA:143,0
DA:145,0
DA:146,0
DA:154,0
DA:156,0
DA:161,0
DA:162,0
DA:164,0
DA:177,0
DA:178,0
DA:179,0
DA:181,0
LF:61
LH:1
end_of_record
SF:lib\validations\credential_validation_page.dart
DA:5,0
DA:11,0
DA:12,0
DA:13,0
DA:16,0
DA:17,0
DA:18,0
DA:21,0
LF:8
LH:0
end_of_record
