SF:lib\groups\group_settings_page.dart
DA:14,1
DA:22,1
DA:23,1
DA:30,1
DA:32,1
DA:33,3
DA:36,1
DA:38,1
DA:39,1
DA:44,1
DA:46,1
DA:48,1
DA:50,1
DA:52,1
DA:55,1
DA:57,1
DA:58,1
DA:61,1
DA:62,1
DA:64,1
DA:69,1
DA:70,2
DA:88,1
DA:89,1
DA:91,1
DA:92,2
DA:93,1
DA:94,1
DA:95,1
DA:96,1
DA:97,1
DA:98,1
DA:99,4
DA:100,2
DA:103,3
DA:113,1
DA:114,1
DA:115,1
DA:116,1
DA:119,1
DA:123,1
DA:124,1
DA:127,1
DA:128,1
DA:130,1
DA:131,2
DA:132,1
DA:138,0
DA:139,0
DA:142,0
DA:143,0
DA:145,0
DA:158,1
DA:161,1
DA:165,1
DA:166,1
DA:169,1
DA:170,1
DA:172,0
DA:173,0
DA:177,0
DA:179,0
DA:180,0
DA:183,0
DA:186,0
DA:191,0
DA:193,0
DA:194,0
DA:198,0
DA:199,0
DA:202,0
DA:203,0
DA:204,0
DA:218,1
DA:219,1
DA:221,1
DA:222,1
DA:225,1
DA:226,1
DA:227,2
DA:230,1
DA:231,1
DA:235,0
LF:83
LH:62
BRDA:14,0,0,1
BRDA:22,0,0,1
BRDA:30,0,0,1
BRDA:36,0,0,1
BRDA:93,0,0,1
BRDA:94,0,0,1
BRDA:127,0,0,1
BRDA:131,0,0,1
BRDA:138,0,0,0
BRDA:169,0,0,1
BRDA:172,0,0,0
BRDA:193,0,0,0
BRDA:194,0,0,0
BRDA:203,0,0,0
BRDA:218,0,0,1
BRDA:221,0,0,1
BRDA:227,0,0,1
BRDA:235,0,0,0
end_of_record
SF:lib\groups\add_group_members_page.dart
DA:6,2
DA:8,1
DA:9,1
DA:16,1
DA:18,1
DA:19,4
DA:22,1
DA:24,1
DA:25,1
DA:30,1
DA:33,1
DA:34,1
DA:36,1
DA:37,2
DA:38,1
DA:39,1
DA:40,2
DA:41,1
DA:42,1
DA:43,2
DA:44,1
DA:45,2
DA:46,1
DA:47,2
DA:49,0
DA:60,1
DA:63,0
DA:64,0
LF:28
LH:25
BRDA:6,0,0,1
BRDA:8,0,0,1
BRDA:16,0,0,1
BRDA:22,0,0,1
BRDA:38,0,0,1
BRDA:39,0,0,1
BRDA:44,0,0,1
BRDA:45,0,0,1
BRDA:63,0,0,0
end_of_record
SF:lib\groups\groups_page.dart
DA:10,3
DA:12,1
DA:13,1
DA:18,0
DA:20,0
DA:21,0
DA:23,0
DA:24,0
DA:25,0
DA:30,0
DA:31,0
DA:32,0
DA:33,0
DA:34,0
DA:35,0
DA:40,0
DA:43,0
DA:44,0
DA:46,0
DA:54,0
DA:56,0
DA:61,0
DA:64,0
DA:67,0
DA:68,0
DA:69,0
DA:74,0
DA:79,0
DA:80,0
DA:81,0
DA:83,0
DA:84,0
DA:91,0
DA:92,0
DA:98,0
DA:99,0
DA:102,0
DA:103,0
DA:114,0
DA:115,0
DA:117,0
DA:118,0
DA:119,0
DA:121,0
DA:123,0
DA:124,0
DA:125,0
DA:126,0
DA:127,0
DA:132,0
DA:136,0
DA:137,0
DA:138,0
DA:141,0
DA:142,0
DA:143,0
DA:147,0
DA:152,0
DA:155,0
DA:157,0
DA:158,0
DA:159,0
DA:161,0
DA:162,0
DA:163,0
DA:164,0
DA:169,0
DA:171,0
DA:175,0
DA:176,0
DA:189,0
DA:203,1
DA:205,1
DA:206,0
DA:207,0
DA:208,0
DA:222,0
DA:224,0
DA:225,0
DA:226,0
DA:227,0
DA:228,0
DA:230,0
DA:232,0
DA:233,0
DA:234,0
DA:235,0
DA:237,0
DA:238,0
DA:249,0
DA:250,0
DA:253,0
DA:263,0
DA:265,0
DA:266,0
DA:267,0
DA:268,0
DA:269,0
DA:270,0
DA:272,0
DA:274,0
DA:275,0
DA:276,0
DA:277,0
DA:280,0
DA:281,0
DA:283,0
DA:284,0
DA:286,0
DA:287,0
DA:297,0
DA:298,0
LF:112
LH:5
BRDA:10,0,0,0
BRDA:12,0,0,1
BRDA:18,0,0,0
BRDA:30,0,0,0
BRDA:32,0,0,0
BRDA:56,0,0,0
BRDA:74,0,0,0
BRDA:80,0,0,0
BRDA:84,0,0,0
BRDA:91,0,0,0
BRDA:136,0,0,0
BRDA:141,0,0,0
BRDA:142,0,0,0
BRDA:161,0,0,0
BRDA:203,0,0,1
BRDA:232,0,0,0
BRDA:266,0,0,0
BRDA:283,0,0,0
BRDA:287,0,0,0
end_of_record
SF:lib\providers\group_provider.dart
DA:12,0
DA:19,0
DA:20,0
DA:21,0
DA:22,0
DA:23,0
DA:24,0
DA:28,0
DA:29,0
DA:30,0
DA:31,0
DA:32,0
DA:33,0
DA:34,0
DA:43,0
DA:46,0
DA:47,0
DA:48,0
DA:49,0
DA:54,0
DA:56,0
DA:57,0
DA:58,0
DA:59,0
DA:60,0
DA:62,0
DA:63,0
DA:67,0
DA:72,0
DA:73,0
DA:75,0
DA:76,0
DA:77,0
DA:79,0
DA:81,0
DA:82,0
DA:84,0
DA:85,0
DA:88,0
DA:89,0
DA:91,0
DA:97,0
DA:99,0
DA:102,0
DA:103,0
DA:104,0
DA:105,0
DA:108,0
DA:109,0
DA:112,0
DA:113,0
DA:116,0
DA:120,0
DA:122,0
DA:124,0
DA:128,0
DA:129,0
DA:131,0
DA:135,0
DA:138,0
DA:140,0
DA:146,0
DA:147,0
DA:148,0
DA:151,0
DA:153,0
DA:154,0
DA:156,0
LF:68
LH:0
BRDA:12,0,0,0
BRDA:19,0,0,0
BRDA:28,0,0,0
BRDA:43,0,0,0
BRDA:46,0,0,0
BRDA:47,0,0,0
BRDA:48,0,0,0
BRDA:54,0,0,0
BRDA:72,0,0,0
BRDA:75,0,0,0
BRDA:97,0,0,0
BRDA:113,0,0,0
BRDA:128,0,0,0
BRDA:146,0,0,0
BRDA:151,0,0,0
end_of_record
SF:lib\groups\group_details_page.dart
DA:13,0
DA:15,0
DA:16,0
DA:24,0
DA:26,0
DA:27,0
DA:31,0
DA:32,0
DA:33,0
DA:36,0
DA:37,0
DA:38,0
DA:39,0
DA:43,0
DA:44,0
DA:45,0
DA:48,0
DA:49,0
DA:52,0
DA:56,0
DA:58,0
DA:59,0
DA:60,0
DA:63,0
DA:64,0
DA:66,0
DA:67,0
DA:68,0
DA:70,0
DA:71,0
DA:72,0
DA:73,0
DA:74,0
DA:75,0
DA:76,0
DA:77,0
DA:79,0
DA:85,0
DA:86,0
DA:93,0
DA:95,0
DA:96,0
DA:98,0
DA:101,0
DA:103,0
DA:104,0
DA:105,0
DA:107,0
DA:108,0
DA:109,0
DA:121,0
DA:123,0
DA:144,0
DA:145,0
DA:152,0
DA:153,0
DA:154,0
DA:155,0
DA:156,0
DA:157,0
DA:158,0
DA:159,0
DA:160,0
DA:162,0
DA:163,0
DA:177,0
DA:179,0
DA:180,0
DA:181,0
DA:182,0
DA:184,0
DA:187,0
DA:188,0
DA:189,0
DA:190,0
DA:192,0
DA:195,0
DA:196,0
DA:199,0
DA:200,0
DA:203,0
DA:204,0
DA:210,0
DA:211,0
DA:213,0
DA:214,0
DA:215,0
DA:216,0
DA:231,0
DA:232,0
DA:233,0
DA:234,0
DA:236,0
DA:237,0
LF:94
LH:0
BRDA:13,0,0,0
BRDA:15,0,0,0
BRDA:24,0,0,0
BRDA:31,0,0,0
BRDA:36,0,0,0
BRDA:48,0,0,0
BRDA:56,0,0,0
BRDA:66,0,0,0
BRDA:71,0,0,0
BRDA:75,0,0,0
BRDA:157,0,0,0
BRDA:180,0,0,0
BRDA:181,0,0,0
BRDA:210,0,0,0
BRDA:214,0,0,0
BRDA:232,0,0,0
BRDA:237,0,0,0
end_of_record
SF:lib\user_section\login_page.dart
DA:7,4
DA:9,1
DA:10,1
DA:27,0
DA:28,0
DA:29,0
DA:33,0
DA:34,0
DA:35,0
DA:36,0
DA:40,0
DA:42,0
DA:43,0
DA:44,0
DA:45,0
DA:49,0
DA:51,0
DA:52,0
DA:53,0
DA:57,0
DA:58,0
DA:61,0
DA:62,0
DA:71,0
DA:74,0
DA:76,0
DA:78,0
DA:79,0
DA:85,0
DA:86,0
DA:89,0
DA:90,0
DA:91,0
DA:97,0
DA:98,0
DA:100,0
DA:101,0
DA:102,0
DA:108,0
DA:111,0
DA:112,0
DA:113,0
DA:114,0
DA:120,0
DA:121,0
DA:126,0
DA:128,0
DA:129,0
DA:130,0
DA:132,0
DA:133,0
DA:134,0
DA:136,0
DA:139,0
DA:140,0
DA:141,0
DA:149,0
DA:152,0
DA:155,0
DA:161,0
DA:162,0
DA:165,0
DA:166,0
DA:167,0
DA:168,0
DA:170,0
DA:171,0
DA:172,0
DA:177,0
DA:178,0
DA:182,0
DA:183,0
DA:184,0
DA:185,0
DA:186,0
DA:187,0
DA:188,0
DA:191,0
DA:193,0
DA:196,0
DA:197,0
DA:200,0
DA:201,0
DA:202,0
DA:203,0
DA:204,0
DA:205,0
DA:208,0
DA:210,0
DA:211,0
DA:212,0
DA:216,0
DA:217,0
DA:218,0
DA:219,0
DA:220,0
DA:223,0
DA:228,0
DA:230,0
DA:231,0
DA:232,0
DA:233,0
DA:235,0
DA:237,0
DA:238,0
DA:245,0
DA:248,0
DA:249,0
DA:250,0
DA:251,0
DA:252,0
DA:253,0
DA:256,0
DA:257,0
DA:258,0
DA:259,0
DA:265,0
DA:266,0
DA:267,0
DA:269,0
DA:276,0
DA:277,0
DA:280,0
DA:299,0
DA:302,0
DA:303,0
DA:304,0
DA:305,0
DA:307,0
DA:309,0
DA:312,0
DA:315,0
DA:318,0
DA:319,0
DA:320,0
DA:322,0
DA:324,0
DA:325,0
DA:327,0
DA:328,0
DA:329,0
DA:331,0
DA:332,0
DA:351,0
DA:363,0
DA:365,0
DA:366,0
DA:368,0
DA:371,0
DA:372,0
DA:374,0
DA:376,0
DA:377,0
DA:380,0
DA:381,0
DA:382,0
DA:387,0
DA:391,0
DA:392,0
DA:394,0
DA:396,0
LF:161
LH:3
BRDA:7,0,0,0
BRDA:9,0,0,1
BRDA:27,0,0,0
BRDA:28,0,0,0
BRDA:33,0,0,0
BRDA:34,0,0,0
BRDA:40,0,0,0
BRDA:42,0,0,0
BRDA:43,0,0,0
BRDA:85,0,0,0
BRDA:90,0,0,0
BRDA:97,0,0,0
BRDA:101,0,0,0
BRDA:120,0,0,0
BRDA:126,0,0,0
BRDA:184,0,0,0
BRDA:191,0,0,0
BRDA:210,0,0,0
BRDA:211,0,0,0
BRDA:216,0,0,0
BRDA:223,0,0,0
BRDA:231,0,0,0
BRDA:233,0,0,0
BRDA:320,0,0,0
BRDA:351,0,0,0
end_of_record
SF:lib\transactions\split_method_page.dart
DA:7,1
DA:13,1
DA:14,1
DA:22,1
DA:24,1
DA:25,3
DA:28,1
DA:30,2
DA:31,2
DA:32,1
DA:35,1
DA:37,1
DA:38,1
DA:45,1
DA:46,1
DA:48,0
DA:52,1
DA:53,1
DA:54,1
DA:57,2
DA:60,1
DA:62,1
DA:64,1
DA:65,1
DA:67,1
DA:68,1
DA:70,1
DA:72,1
DA:73,1
DA:74,1
DA:81,1
DA:87,2
DA:88,1
DA:89,1
DA:93,1
DA:94,1
DA:100,2
DA:101,1
DA:102,1
DA:111,1
DA:112,1
DA:113,1
DA:117,1
DA:118,1
DA:137,1
DA:143,1
DA:144,1
DA:146,1
DA:147,2
DA:150,1
DA:151,1
DA:153,1
DA:155,0
DA:156,0
DA:159,1
DA:161,2
DA:163,1
DA:164,3
DA:169,1
DA:174,1
DA:176,1
DA:179,1
DA:182,1
DA:183,1
DA:185,1
DA:186,1
DA:194,0
DA:195,0
DA:196,0
DA:197,0
DA:198,0
DA:199,0
DA:200,0
DA:203,0
DA:204,0
DA:207,0
DA:208,0
DA:210,0
DA:211,0
DA:213,0
DA:227,0
DA:228,0
DA:229,0
DA:230,0
DA:235,0
DA:236,0
LF:86
LH:63
BRDA:7,0,0,1
BRDA:13,0,0,1
BRDA:22,0,0,1
BRDA:28,0,0,1
BRDA:35,0,0,1
BRDA:48,0,0,0
BRDA:137,0,0,1
BRDA:155,0,0,0
BRDA:156,0,0,0
BRDA:163,0,0,1
BRDA:164,0,0,1
BRDA:169,0,0,1
BRDA:194,0,0,0
BRDA:207,0,0,0
BRDA:210,0,0,0
BRDA:229,0,0,0
end_of_record
SF:lib\user_section\profile_page.dart
DA:9,1
DA:11,1
DA:12,1
DA:33,0
DA:35,0
DA:36,0
DA:39,0
DA:42,0
DA:43,0
DA:44,0
DA:46,0
DA:48,0
DA:49,0
DA:51,0
DA:52,0
DA:53,0
DA:57,0
DA:58,0
DA:59,0
DA:61,0
DA:62,0
DA:63,0
DA:66,0
DA:70,0
DA:71,0
DA:72,0
DA:73,0
DA:74,0
DA:75,0
DA:82,0
DA:83,0
DA:84,0
DA:85,0
DA:88,0
DA:92,0
DA:93,0
DA:94,0
DA:95,0
DA:96,0
DA:98,0
DA:99,0
DA:100,0
DA:101,0
DA:112,0
DA:113,0
DA:114,0
DA:118,0
DA:129,0
DA:130,0
DA:131,0
DA:143,0
DA:144,0
DA:145,0
DA:148,0
DA:150,0
DA:151,0
DA:152,0
DA:158,0
DA:160,0
DA:162,0
DA:165,0
DA:167,0
DA:168,0
DA:171,0
DA:172,0
DA:174,0
DA:179,0
DA:181,0
DA:185,0
DA:186,0
DA:188,0
DA:189,0
DA:190,0
DA:192,0
DA:193,0
DA:195,0
DA:197,0
DA:198,0
DA:199,0
DA:201,0
DA:202,0
DA:204,0
DA:205,0
DA:206,0
DA:209,0
DA:211,0
DA:212,0
DA:213,0
DA:226,0
DA:229,0
DA:232,0
DA:235,0
DA:238,0
DA:241,0
DA:242,0
DA:243,0
DA:244,0
DA:246,0
DA:247,0
DA:248,0
DA:253,0
DA:254,0
DA:255,0
DA:268,0
DA:270,0
DA:271,0
DA:273,0
DA:275,0
DA:277,0
DA:283,0
DA:284,0
DA:286,0
DA:287,0
DA:291,0
DA:292,0
DA:293,0
DA:295,0
DA:297,0
DA:298,0
DA:300,0
DA:301,0
DA:304,0
DA:305,0
DA:311,0
DA:312,0
DA:314,0
DA:315,0
DA:319,0
DA:320,0
DA:321,0
DA:323,0
DA:325,0
DA:326,0
DA:328,0
DA:329,0
DA:332,0
DA:333,0
DA:343,0
DA:344,0
DA:345,0
DA:346,0
DA:347,0
DA:348,0
DA:349,0
DA:353,0
DA:357,0
DA:358,0
LF:147
LH:3
BRDA:9,0,0,0
BRDA:11,0,0,1
BRDA:33,0,0,0
BRDA:39,0,0,0
BRDA:49,0,0,0
BRDA:71,0,0,0
BRDA:82,0,0,0
BRDA:84,0,0,0
BRDA:92,0,0,0
BRDA:95,0,0,0
BRDA:112,0,0,0
BRDA:129,0,0,0
BRDA:143,0,0,0
BRDA:151,0,0,0
BRDA:158,0,0,0
BRDA:167,0,0,0
BRDA:185,0,0,0
BRDA:253,0,0,0
BRDA:254,0,0,0
BRDA:292,0,0,0
BRDA:298,0,0,0
BRDA:304,0,0,0
BRDA:320,0,0,0
BRDA:326,0,0,0
BRDA:332,0,0,0
BRDA:344,0,0,0
BRDA:349,0,0,0
end_of_record
SF:lib\user_section\signup_page.dart
DA:6,1
DA:8,1
DA:9,1
DA:29,0
DA:30,0
DA:31,0
DA:34,0
DA:39,0
DA:40,0
DA:41,0
DA:43,0
DA:44,0
DA:45,0
DA:48,0
DA:53,0
DA:54,0
DA:55,0
DA:57,0
DA:58,0
DA:61,0
DA:66,0
DA:67,0
DA:68,0
DA:70,0
DA:71,0
DA:74,0
DA:79,0
DA:80,0
DA:81,0
DA:82,0
DA:83,0
DA:84,0
DA:86,0
DA:93,0
DA:94,0
DA:95,0
DA:96,0
DA:100,0
DA:101,0
DA:102,0
DA:103,0
DA:104,0
DA:105,0
DA:106,0
DA:110,0
DA:111,0
DA:117,0
DA:120,0
DA:121,0
DA:124,0
DA:125,0
DA:126,0
DA:132,0
DA:134,0
DA:135,0
DA:136,0
DA:137,0
DA:138,0
DA:143,0
DA:144,0
DA:146,0
DA:147,0
DA:149,0
DA:151,0
DA:152,0
DA:154,0
DA:157,0
DA:164,0
DA:165,0
DA:168,0
DA:169,0
DA:170,0
DA:171,0
DA:173,0
DA:174,0
DA:175,0
DA:180,0
DA:182,0
DA:183,0
DA:184,0
DA:189,0
DA:191,0
DA:195,0
DA:197,0
DA:198,0
DA:199,0
DA:205,0
DA:207,0
DA:208,0
DA:211,0
DA:215,0
DA:217,0
DA:218,0
DA:219,0
DA:224,0
DA:226,0
DA:230,0
DA:232,0
DA:233,0
DA:234,0
DA:237,0
DA:238,0
DA:239,0
DA:242,0
DA:244,0
DA:245,0
DA:246,0
DA:251,0
DA:252,0
DA:254,0
DA:257,0
DA:260,0
DA:261,0
DA:262,0
DA:263,0
DA:265,0
DA:266,0
DA:269,0
DA:287,0
DA:290,0
DA:292,0
DA:297,0
DA:298,0
DA:299,0
DA:301,0
DA:302,0
DA:309,0
DA:319,0
DA:324,0
DA:326,0
DA:329,0
DA:330,0
DA:331,0
DA:332,0
DA:334,0
DA:335,0
DA:336,0
DA:338,0
DA:339,0
DA:345,0
DA:350,0
DA:352,0
DA:353,0
DA:362,0
DA:363,0
DA:365,0
DA:367,0
DA:370,0
DA:375,0
DA:377,0
DA:378,0
DA:379,0
DA:380,0
DA:381,0
LF:154
LH:3
BRDA:6,0,0,0
BRDA:8,0,0,1
BRDA:29,0,0,0
BRDA:39,0,0,0
BRDA:53,0,0,0
BRDA:66,0,0,0
BRDA:79,0,0,0
BRDA:80,0,0,0
BRDA:93,0,0,0
BRDA:94,0,0,0
BRDA:120,0,0,0
BRDA:125,0,0,0
BRDA:132,0,0,0
BRDA:138,0,0,0
BRDA:189,0,0,0
BRDA:205,0,0,0
BRDA:224,0,0,0
BRDA:244,0,0,0
BRDA:245,0,0,0
BRDA:252,0,0,0
BRDA:298,0,0,0
BRDA:319,0,0,0
BRDA:345,0,0,0
BRDA:375,0,0,0
end_of_record
SF:lib\firebase_authentication_service.dart
DA:9,0
DA:12,0
DA:15,0
DA:23,0
DA:29,0
DA:33,0
DA:38,0
DA:39,0
DA:44,0
DA:49,0
DA:55,0
DA:56,0
DA:57,0
DA:60,0
DA:61,0
DA:62,0
DA:63,0
DA:64,0
DA:65,0
DA:66,0
DA:67,0
DA:72,0
DA:73,0
DA:76,0
DA:77,0
DA:80,0
DA:86,0
DA:88,0
DA:89,0
DA:90,0
DA:95,0
DA:96,0
DA:101,0
DA:104,0
DA:107,0
DA:112,0
DA:113,0
DA:114,0
DA:115,0
DA:117,0
DA:118,0
DA:119,0
DA:121,0
DA:125,0
DA:131,0
DA:137,0
DA:139,0
DA:140,0
DA:141,0
DA:142,0
DA:143,0
DA:145,0
DA:149,0
DA:150,0
DA:151,0
DA:153,0
DA:155,0
DA:157,0
DA:159,0
DA:161,0
DA:163,0
DA:165,0
DA:168,0
LF:63
LH:0
BRDA:9,0,0,0
BRDA:12,0,0,0
BRDA:15,0,0,0
BRDA:44,0,0,0
BRDA:86,0,0,0
BRDA:95,0,0,0
BRDA:101,0,0,0
BRDA:131,0,0,0
BRDA:149,0,0,0
end_of_record
SF:lib\providers\transaction_provider.dart
DA:15,0
DA:27,0
DA:28,0
DA:29,0
DA:30,0
DA:31,0
DA:32,0
DA:33,0
DA:34,0
DA:35,0
DA:36,0
DA:40,0
DA:41,0
DA:42,0
DA:43,0
DA:44,0
DA:45,0
DA:46,0
DA:47,0
DA:48,0
DA:49,0
DA:50,0
DA:60,0
DA:63,0
DA:64,0
DA:65,0
DA:66,0
DA:67,0
DA:68,0
DA:69,0
DA:70,0
DA:75,0
DA:86,0
DA:91,0
DA:96,0
DA:98,0
DA:103,0
DA:105,0
DA:106,0
DA:108,0
LF:40
LH:0
BRDA:15,0,0,0
BRDA:27,0,0,0
BRDA:40,0,0,0
BRDA:60,0,0,0
BRDA:63,0,0,0
BRDA:68,0,0,0
BRDA:69,0,0,0
BRDA:75,0,0,0
BRDA:103,0,0,0
end_of_record
SF:lib\transactions\add_transaction_page.dart
DA:11,0
DA:13,0
DA:14,0
DA:34,0
DA:36,0
DA:37,0
DA:41,0
DA:42,0
DA:43,0
DA:46,0
DA:47,0
DA:48,0
DA:49,0
DA:50,0
DA:53,0
DA:54,0
DA:57,0
DA:61,0
DA:63,0
DA:64,0
DA:65,0
DA:68,0
DA:69,0
DA:71,0
DA:72,0
DA:73,0
DA:75,0
DA:76,0
DA:77,0
DA:83,0
DA:84,0
DA:85,0
DA:87,0
DA:89,0
DA:90,0
DA:91,0
DA:92,0
DA:93,0
DA:97,0
DA:98,0
DA:99,0
DA:100,0
DA:101,0
DA:102,0
DA:103,0
DA:104,0
DA:110,0
DA:111,0
DA:112,0
DA:113,0
DA:114,0
DA:115,0
DA:116,0
DA:117,0
DA:124,0
DA:125,0
DA:126,0
DA:131,0
DA:133,0
DA:134,0
DA:138,0
DA:140,0
DA:142,0
DA:143,0
DA:144,0
DA:146,0
DA:147,0
DA:148,0
DA:154,0
DA:155,0
DA:159,0
DA:160,0
DA:167,0
DA:168,0
DA:169,0
DA:175,0
DA:176,0
DA:177,0
DA:183,0
DA:189,0
DA:190,0
DA:196,0
DA:197,0
DA:199,0
DA:201,0
DA:202,0
DA:203,0
DA:209,0
DA:210,0
DA:216,0
DA:217,0
DA:219,0
DA:221,0
DA:222,0
DA:223,0
DA:229,0
DA:230,0
DA:231,0
DA:233,0
DA:234,0
DA:235,0
DA:236,0
DA:237,0
DA:238,0
DA:239,0
DA:246,0
DA:252,0
DA:257,0
DA:258,0
DA:259,0
DA:260,0
DA:261,0
DA:263,0
DA:264,0
DA:265,0
DA:266,0
DA:267,0
DA:268,0
DA:269,0
DA:270,0
DA:271,0
DA:272,0
DA:275,0
DA:279,0
DA:281,0
LF:125
LH:0
BRDA:11,0,0,0
BRDA:13,0,0,0
BRDA:34,0,0,0
BRDA:41,0,0,0
BRDA:46,0,0,0
BRDA:53,0,0,0
BRDA:61,0,0,0
BRDA:68,0,0,0
BRDA:76,0,0,0
BRDA:83,0,0,0
BRDA:101,0,0,0
BRDA:114,0,0,0
BRDA:131,0,0,0
BRDA:154,0,0,0
BRDA:167,0,0,0
BRDA:176,0,0,0
BRDA:196,0,0,0
BRDA:202,0,0,0
BRDA:203,0,0,0
BRDA:216,0,0,0
BRDA:222,0,0,0
BRDA:223,0,0,0
BRDA:230,0,0,0
BRDA:234,0,0,0
BRDA:236,0,0,0
BRDA:237,0,0,0
BRDA:259,0,0,0
end_of_record
SF:lib\transactions\transaction_details_page.dart
DA:11,0
DA:13,0
DA:14,0
DA:23,0
DA:25,0
DA:26,0
DA:30,0
DA:31,0
DA:32,0
DA:33,0
DA:34,0
DA:39,0
DA:41,0
DA:42,0
DA:43,0
DA:44,0
DA:45,0
DA:46,0
DA:51,0
DA:53,0
DA:54,0
DA:55,0
DA:57,0
DA:58,0
DA:62,0
DA:63,0
DA:65,0
DA:66,0
DA:69,0
DA:71,0
DA:72,0
DA:77,0
DA:79,0
DA:81,0
DA:82,0
DA:84,0
DA:86,0
DA:88,0
DA:89,0
DA:91,0
DA:93,0
DA:94,0
DA:97,0
DA:99,0
DA:107,0
DA:108,0
DA:111,0
DA:112,0
DA:113,0
DA:114,0
DA:115,0
DA:117,0
DA:118,0
DA:136,0
DA:137,0
DA:139,0
DA:140,0
DA:141,0
DA:143,0
DA:149,0
DA:150,0
DA:152,0
DA:153,0
DA:156,0
DA:157,0
DA:158,0
DA:161,0
DA:162,0
DA:163,0
DA:164,0
DA:165,0
DA:166,0
DA:176,0
DA:177,0
DA:179,0
DA:180,0
DA:181,0
DA:182,0
DA:184,0
DA:186,0
DA:187,0
DA:188,0
DA:189,0
DA:190,0
DA:191,0
DA:192,0
DA:194,0
DA:198,0
DA:200,0
DA:201,0
DA:202,0
DA:205,0
DA:206,0
DA:207,0
DA:208,0
DA:209,0
DA:210,0
DA:211,0
DA:212,0
DA:224,0
DA:225,0
DA:226,0
DA:228,0
DA:229,0
DA:230,0
LF:105
LH:0
BRDA:11,0,0,0
BRDA:13,0,0,0
BRDA:23,0,0,0
BRDA:30,0,0,0
BRDA:33,0,0,0
BRDA:39,0,0,0
BRDA:43,0,0,0
BRDA:65,0,0,0
BRDA:71,0,0,0
BRDA:112,0,0,0
BRDA:113,0,0,0
BRDA:136,0,0,0
BRDA:149,0,0,0
BRDA:152,0,0,0
BRDA:158,0,0,0
BRDA:162,0,0,0
BRDA:176,0,0,0
BRDA:179,0,0,0
BRDA:181,0,0,0
BRDA:186,0,0,0
BRDA:189,0,0,0
BRDA:190,0,0,0
BRDA:202,0,0,0
BRDA:206,0,0,0
BRDA:224,0,0,0
BRDA:230,0,0,0
end_of_record
SF:lib\providers\shared_prefernce.dart
DA:4,0
DA:5,0
DA:6,0
DA:9,0
DA:10,0
DA:11,0
DA:14,0
DA:15,0
DA:16,0
DA:19,0
DA:20,0
DA:21,0
DA:24,0
DA:25,0
DA:26,0
DA:29,0
DA:30,0
DA:31,0
DA:34,0
DA:35,0
DA:36,0
LF:21
LH:0
BRDA:4,0,0,0
BRDA:9,0,0,0
BRDA:14,0,0,0
BRDA:19,0,0,0
BRDA:24,0,0,0
BRDA:29,0,0,0
BRDA:34,0,0,0
end_of_record
SF:lib\user_section\forgot_password_page.dart
DA:7,1
DA:9,0
DA:10,0
DA:23,0
DA:24,0
DA:26,0
DA:27,0
DA:28,0
DA:29,0
DA:34,0
DA:35,0
DA:36,0
DA:37,0
DA:38,0
DA:39,0
DA:43,0
DA:44,0
DA:45,0
DA:50,0
DA:52,0
DA:53,0
DA:54,0
DA:57,0
DA:58,0
DA:63,0
DA:64,0
DA:65,0
DA:66,0
DA:67,0
DA:70,0
DA:71,0
DA:72,0
DA:78,0
DA:80,0
DA:81,0
DA:82,0
DA:85,0
DA:87,0
DA:88,0
DA:91,0
DA:93,0
DA:94,0
DA:95,0
DA:99,0
DA:101,0
DA:103,0
DA:109,0
DA:110,0
DA:112,0
DA:114,0
DA:115,0
DA:121,0
DA:122,0
DA:123,0
DA:126,0
DA:127,0
DA:128,0
DA:131,0
DA:132,0
DA:133,0
DA:134,0
DA:135,0
DA:137,0
DA:138,0
DA:141,0
DA:143,0
DA:144,0
DA:145,0
DA:146,0
DA:150,0
DA:151,0
DA:152,0
DA:153,0
DA:154,0
LF:74
LH:1
BRDA:7,0,0,0
BRDA:9,0,0,0
BRDA:23,0,0,0
BRDA:27,0,0,0
BRDA:34,0,0,0
BRDA:44,0,0,0
BRDA:52,0,0,0
BRDA:57,0,0,0
BRDA:63,0,0,0
BRDA:64,0,0,0
BRDA:66,0,0,0
BRDA:70,0,0,0
BRDA:78,0,0,0
BRDA:85,0,0,0
BRDA:93,0,0,0
BRDA:95,0,0,0
BRDA:152,0,0,0
BRDA:154,0,0,0
end_of_record
SF:lib\validations\credential_validation_page.dart
DA:3,0
DA:13,0
DA:15,0
DA:16,0
DA:20,0
DA:22,0
DA:27,0
DA:30,0
DA:31,0
LF:9
LH:0
BRDA:3,0,0,0
BRDA:30,0,0,0
end_of_record
